The system is: Windows - 10.0.18363 - AMD64
Compiling the C compiler identification source file "CMakeCCompilerId.c" succeeded.
Compiler: C:/Program Files (x86)/Microsoft Visual Studio/2019/Community/VC/Tools/MSVC/14.24.28314/bin/Hostx86/x86/cl.exe 
Build flags: 
Id flags:  

The output was:
0
用于 x86 的 Microsoft (R) C/C++ 优化编译器 19.24.28316 版
版权所有(C) Microsoft Corporation。保留所有权利。

CMakeCCompilerId.c
Microsoft (R) Incremental Linker Version 14.24.28316.0
Copyright (C) Microsoft Corporation.  All rights reserved.

/out:CMakeCCompilerId.exe 
CMakeCCompilerId.obj 


Compilation of the C compiler identification source "CMakeCCompilerId.c" produced "CMakeCCompilerId.exe"

Compilation of the C compiler identification source "CMakeCCompilerId.c" produced "CMakeCCompilerId.obj"

The C compiler identification is MSVC, found in "C:/Users/15400/CLionProjects/CSE108/Lab4/cmake-build-debug/CMakeFiles/3.15.3/CompilerIdC/CMakeCCompilerId.exe"

Determining if the C compiler works passed with the following output:
Change Dir: C:/Users/15400/CLionProjects/CSE108/Lab4/cmake-build-debug/CMakeFiles/CMakeTmp

Run Build Command(s):nmake /nologo cmTC_fd83f\fast && 	"C:\Program Files (x86)\Microsoft Visual Studio\2019\Community\VC\Tools\MSVC\14.24.28314\bin\HostX86\x86\nmake.exe" -f CMakeFiles\cmTC_fd83f.dir\build.make /nologo -L                  CMakeFiles\cmTC_fd83f.dir\build
Building C object CMakeFiles/cmTC_fd83f.dir/testCCompiler.c.obj
	C:\PROGRA~2\MICROS~2\2019\COMMUN~1\VC\Tools\MSVC\1424~1.283\bin\Hostx86\x86\cl.exe @C:\Users\15400\AppData\Local\Temp\nm7646.tmp
testCCompiler.c
Linking C executable cmTC_fd83f.exe
	C:\Users\15400\AppData\Local\JetBrains\Toolbox\apps\CLion\ch-0\193.6494.38\bin\cmake\win\bin\cmake.exe -E vs_link_exe --intdir=CMakeFiles\cmTC_fd83f.dir --rc=C:\PROGRA~2\WI3CF2~1\10\bin\100183~1.0\x86\rc.exe --mt=C:\PROGRA~2\WI3CF2~1\10\bin\100183~1.0\x86\mt.exe --manifests  -- C:\PROGRA~2\MICROS~2\2019\COMMUN~1\VC\Tools\MSVC\1424~1.283\bin\Hostx86\x86\link.exe /nologo @CMakeFiles\cmTC_fd83f.dir\objects1.rsp @C:\Users\15400\AppData\Local\Temp\nm778F.tmp



Detecting C compiler ABI info compiled with the following output:
Change Dir: C:/Users/15400/CLionProjects/CSE108/Lab4/cmake-build-debug/CMakeFiles/CMakeTmp

Run Build Command(s):nmake /nologo cmTC_f9d18\fast && 	"C:\Program Files (x86)\Microsoft Visual Studio\2019\Community\VC\Tools\MSVC\14.24.28314\bin\HostX86\x86\nmake.exe" -f CMakeFiles\cmTC_f9d18.dir\build.make /nologo -L                  CMakeFiles\cmTC_f9d18.dir\build
Building C object CMakeFiles/cmTC_f9d18.dir/CMakeCCompilerABI.c.obj
	C:\PROGRA~2\MICROS~2\2019\COMMUN~1\VC\Tools\MSVC\1424~1.283\bin\Hostx86\x86\cl.exe @C:\Users\15400\AppData\Local\Temp\nm7924.tmp
CMakeCCompilerABI.c
Linking C executable cmTC_f9d18.exe
	C:\Users\15400\AppData\Local\JetBrains\Toolbox\apps\CLion\ch-0\193.6494.38\bin\cmake\win\bin\cmake.exe -E vs_link_exe --intdir=CMakeFiles\cmTC_f9d18.dir --rc=C:\PROGRA~2\WI3CF2~1\10\bin\100183~1.0\x86\rc.exe --mt=C:\PROGRA~2\WI3CF2~1\10\bin\100183~1.0\x86\mt.exe --manifests  -- C:\PROGRA~2\MICROS~2\2019\COMMUN~1\VC\Tools\MSVC\1424~1.283\bin\Hostx86\x86\link.exe /nologo @CMakeFiles\cmTC_f9d18.dir\objects1.rsp @C:\Users\15400\AppData\Local\Temp\nm7954.tmp



