The system is: Darwin - 19.0.0 - x86_64
Compiling the C compiler identification source file "CMakeCCompilerId.c" succeeded.
Compiler: /usr/local/Cellar/gcc/8.2.0/bin/gcc-8 
Build flags: 
Id flags:  

The output was:
0


Compilation of the C compiler identification source "CMakeCCompilerId.c" produced "a.out"

The C compiler identification is GNU, found in "/Users/moonmisty/CLionProjects/Infantry-Reconstruction/cmake-build-debug/CMakeFiles/3.14.5/CompilerIdC/a.out"

Determining if the C compiler works passed with the following output:
Change Dir: /Users/moonmisty/CLionProjects/Infantry-Reconstruction/cmake-build-debug/CMakeFiles/CMakeTmp

Run Build Command(s):/usr/bin/make cmTC_f8c45/fast 
/Library/Developer/CommandLineTools/usr/bin/make -f CMakeFiles/cmTC_f8c45.dir/build.make CMakeFiles/cmTC_f8c45.dir/build
Building C object CMakeFiles/cmTC_f8c45.dir/testCCompiler.c.o
/usr/local/Cellar/gcc/8.2.0/bin/gcc-8   -isysroot /Library/Developer/CommandLineTools/SDKs/MacOSX10.15.sdk   -o CMakeFiles/cmTC_f8c45.dir/testCCompiler.c.o   -c /Users/moonmisty/CLionProjects/Infantry-Reconstruction/cmake-build-debug/CMakeFiles/CMakeTmp/testCCompiler.c
Linking C executable cmTC_f8c45
/Applications/CLion.app/Contents/bin/cmake/mac/bin/cmake -E cmake_link_script CMakeFiles/cmTC_f8c45.dir/link.txt --verbose=1
/usr/local/Cellar/gcc/8.2.0/bin/gcc-8   -isysroot /Library/Developer/CommandLineTools/SDKs/MacOSX10.15.sdk -Wl,-search_paths_first -Wl,-headerpad_max_install_names   CMakeFiles/cmTC_f8c45.dir/testCCompiler.c.o  -o cmTC_f8c45 


Detecting C compiler ABI info compiled with the following output:
Change Dir: /Users/moonmisty/CLionProjects/Infantry-Reconstruction/cmake-build-debug/CMakeFiles/CMakeTmp

Run Build Command(s):/usr/bin/make cmTC_9d5cc/fast 
/Library/Developer/CommandLineTools/usr/bin/make -f CMakeFiles/cmTC_9d5cc.dir/build.make CMakeFiles/cmTC_9d5cc.dir/build
Building C object CMakeFiles/cmTC_9d5cc.dir/CMakeCCompilerABI.c.o
/usr/local/Cellar/gcc/8.2.0/bin/gcc-8   -isysroot /Library/Developer/CommandLineTools/SDKs/MacOSX10.15.sdk   -v -Wl,-v -o CMakeFiles/cmTC_9d5cc.dir/CMakeCCompilerABI.c.o   -c /Applications/CLion.app/Contents/bin/cmake/mac/share/cmake-3.14/Modules/CMakeCCompilerABI.c
Using built-in specs.
COLLECT_GCC=/usr/local/Cellar/gcc/8.2.0/bin/gcc-8
Target: x86_64-apple-darwin18.2.0
Configured with: ../configure --build=x86_64-apple-darwin18.2.0 --prefix=/usr/local/Cellar/gcc/8.2.0 --libdir=/usr/local/Cellar/gcc/8.2.0/lib/gcc/8 --disable-nls --enable-checking=release --enable-languages=c,c++,objc,obj-c++,fortran --program-suffix=-8 --with-gmp=/usr/local/opt/gmp --with-mpfr=/usr/local/opt/mpfr --with-mpc=/usr/local/opt/libmpc --with-isl=/usr/local/opt/isl --with-system-zlib --with-pkgversion='Homebrew GCC 8.2.0' --with-bugurl=https://github.com/Homebrew/homebrew-core/issues --disable-multilib --with-native-system-header-dir=/usr/include --with-sysroot=/Library/Developer/CommandLineTools/SDKs/MacOSX.sdk
Thread model: posix
gcc version 8.2.0 (Homebrew GCC 8.2.0) 
COLLECT_GCC_OPTIONS='-isysroot' '/Library/Developer/CommandLineTools/SDKs/MacOSX10.15.sdk' '-v' '-o' 'CMakeFiles/cmTC_9d5cc.dir/CMakeCCompilerABI.c.o' '-c' '-mmacosx-version-min=10.15.0' '-asm_macosx_version_min=10.15' '-mtune=core2'
 /usr/local/Cellar/gcc/8.2.0/libexec/gcc/x86_64-apple-darwin18.2.0/8.2.0/cc1 -quiet -v -D__DYNAMIC__ -isysroot /Library/Developer/CommandLineTools/SDKs/MacOSX10.15.sdk /Applications/CLion.app/Contents/bin/cmake/mac/share/cmake-3.14/Modules/CMakeCCompilerABI.c -fPIC -quiet -dumpbase CMakeCCompilerABI.c -mmacosx-version-min=10.15.0 -mtune=core2 -auxbase-strip CMakeFiles/cmTC_9d5cc.dir/CMakeCCompilerABI.c.o -version -o /var/folders/lb/974bk6wx08g_ptjwwmn16crm0000gn/T//ccG9azVm.s
GNU C17 (Homebrew GCC 8.2.0) version 8.2.0 (x86_64-apple-darwin18.2.0)
	compiled by GNU C version 8.2.0, GMP version 6.1.2, MPFR version 4.0.1, MPC version 1.1.0, isl version isl-0.20-GMP

GGC heuristics: --param ggc-min-expand=100 --param ggc-min-heapsize=131072
ignoring nonexistent directory "/Library/Developer/CommandLineTools/SDKs/MacOSX10.15.sdk/usr/local/include"
ignoring nonexistent directory "/usr/local/Cellar/gcc/8.2.0/lib/gcc/8/gcc/x86_64-apple-darwin18.2.0/8.2.0/../../../../../../x86_64-apple-darwin18.2.0/include"
ignoring nonexistent directory "/Library/Developer/CommandLineTools/SDKs/MacOSX10.15.sdk/Library/Frameworks"
#include "..." search starts here:
#include <...> search starts here:
 /usr/local/Cellar/gcc/8.2.0/lib/gcc/8/gcc/x86_64-apple-darwin18.2.0/8.2.0/include
 /usr/local/Cellar/gcc/8.2.0/lib/gcc/8/gcc/x86_64-apple-darwin18.2.0/8.2.0/include-fixed
 /Library/Developer/CommandLineTools/SDKs/MacOSX10.15.sdk/usr/include
 /Library/Developer/CommandLineTools/SDKs/MacOSX10.15.sdk/System/Library/Frameworks
End of search list.
GNU C17 (Homebrew GCC 8.2.0) version 8.2.0 (x86_64-apple-darwin18.2.0)
	compiled by GNU C version 8.2.0, GMP version 6.1.2, MPFR version 4.0.1, MPC version 1.1.0, isl version isl-0.20-GMP

GGC heuristics: --param ggc-min-expand=100 --param ggc-min-heapsize=131072
Compiler executable checksum: e95cccad5f2737f4fd4ba83cf3ccb627
COLLECT_GCC_OPTIONS='-isysroot' '/Library/Developer/CommandLineTools/SDKs/MacOSX10.15.sdk' '-v' '-o' 'CMakeFiles/cmTC_9d5cc.dir/CMakeCCompilerABI.c.o' '-c' '-mmacosx-version-min=10.15.0'  '-mtune=core2'
 as -arch x86_64 -v -force_cpusubtype_ALL -mmacosx-version-min=10.15 -o CMakeFiles/cmTC_9d5cc.dir/CMakeCCompilerABI.c.o /var/folders/lb/974bk6wx08g_ptjwwmn16crm0000gn/T//ccG9azVm.s
Apple clang version 11.0.0 (clang-1100.0.33.5)
Target: x86_64-apple-darwin19.0.0
Thread model: posix
InstalledDir: /Library/Developer/CommandLineTools/usr/bin
 "/Library/Developer/CommandLineTools/usr/bin/clang" -cc1as -triple x86_64-apple-macosx10.15.0 -filetype obj -main-file-name ccG9azVm.s -target-cpu penryn -fdebug-compilation-dir /Users/moonmisty/CLionProjects/Infantry-Reconstruction/cmake-build-debug/CMakeFiles/CMakeTmp -dwarf-debug-producer Apple clang version 11.0.0 (clang-1100.0.33.5) -dwarf-version=4 -mrelocation-model pic -o CMakeFiles/cmTC_9d5cc.dir/CMakeCCompilerABI.c.o /var/folders/lb/974bk6wx08g_ptjwwmn16crm0000gn/T//ccG9azVm.s
COMPILER_PATH=/usr/local/Cellar/gcc/8.2.0/libexec/gcc/x86_64-apple-darwin18.2.0/8.2.0/:/usr/local/Cellar/gcc/8.2.0/libexec/gcc/x86_64-apple-darwin18.2.0/8.2.0/:/usr/local/Cellar/gcc/8.2.0/libexec/gcc/x86_64-apple-darwin18.2.0/:/usr/local/Cellar/gcc/8.2.0/lib/gcc/8/gcc/x86_64-apple-darwin18.2.0/8.2.0/:/usr/local/Cellar/gcc/8.2.0/lib/gcc/8/gcc/x86_64-apple-darwin18.2.0/
LIBRARY_PATH=/usr/local/Cellar/gcc/8.2.0/lib/gcc/8/gcc/x86_64-apple-darwin18.2.0/8.2.0/:/usr/local/Cellar/gcc/8.2.0/lib/gcc/8/gcc/x86_64-apple-darwin18.2.0/8.2.0/../../../
COLLECT_GCC_OPTIONS='-isysroot' '/Library/Developer/CommandLineTools/SDKs/MacOSX10.15.sdk' '-v' '-o' 'CMakeFiles/cmTC_9d5cc.dir/CMakeCCompilerABI.c.o' '-c' '-mmacosx-version-min=10.15.0'  '-mtune=core2'
Linking C executable cmTC_9d5cc
/Applications/CLion.app/Contents/bin/cmake/mac/bin/cmake -E cmake_link_script CMakeFiles/cmTC_9d5cc.dir/link.txt --verbose=1
/usr/local/Cellar/gcc/8.2.0/bin/gcc-8   -isysroot /Library/Developer/CommandLineTools/SDKs/MacOSX10.15.sdk -Wl,-search_paths_first -Wl,-headerpad_max_install_names  -v -Wl,-v CMakeFiles/cmTC_9d5cc.dir/CMakeCCompilerABI.c.o  -o cmTC_9d5cc 
Using built-in specs.
COLLECT_GCC=/usr/local/Cellar/gcc/8.2.0/bin/gcc-8
COLLECT_LTO_WRAPPER=/usr/local/Cellar/gcc/8.2.0/libexec/gcc/x86_64-apple-darwin18.2.0/8.2.0/lto-wrapper
Target: x86_64-apple-darwin18.2.0
Configured with: ../configure --build=x86_64-apple-darwin18.2.0 --prefix=/usr/local/Cellar/gcc/8.2.0 --libdir=/usr/local/Cellar/gcc/8.2.0/lib/gcc/8 --disable-nls --enable-checking=release --enable-languages=c,c++,objc,obj-c++,fortran --program-suffix=-8 --with-gmp=/usr/local/opt/gmp --with-mpfr=/usr/local/opt/mpfr --with-mpc=/usr/local/opt/libmpc --with-isl=/usr/local/opt/isl --with-system-zlib --with-pkgversion='Homebrew GCC 8.2.0' --with-bugurl=https://github.com/Homebrew/homebrew-core/issues --disable-multilib --with-native-system-header-dir=/usr/include --with-sysroot=/Library/Developer/CommandLineTools/SDKs/MacOSX.sdk
Thread model: posix
gcc version 8.2.0 (Homebrew GCC 8.2.0) 
COMPILER_PATH=/usr/local/Cellar/gcc/8.2.0/libexec/gcc/x86_64-apple-darwin18.2.0/8.2.0/:/usr/local/Cellar/gcc/8.2.0/libexec/gcc/x86_64-apple-darwin18.2.0/8.2.0/:/usr/local/Cellar/gcc/8.2.0/libexec/gcc/x86_64-apple-darwin18.2.0/:/usr/local/Cellar/gcc/8.2.0/lib/gcc/8/gcc/x86_64-apple-darwin18.2.0/8.2.0/:/usr/local/Cellar/gcc/8.2.0/lib/gcc/8/gcc/x86_64-apple-darwin18.2.0/
LIBRARY_PATH=/usr/local/Cellar/gcc/8.2.0/lib/gcc/8/gcc/x86_64-apple-darwin18.2.0/8.2.0/:/usr/local/Cellar/gcc/8.2.0/lib/gcc/8/gcc/x86_64-apple-darwin18.2.0/8.2.0/../../../
COLLECT_GCC_OPTIONS='-isysroot' '/Library/Developer/CommandLineTools/SDKs/MacOSX10.15.sdk' '-v' '-o' 'cmTC_9d5cc' '-mmacosx-version-min=10.15.0' '-asm_macosx_version_min=10.15' '-mtune=core2'
 /usr/local/Cellar/gcc/8.2.0/libexec/gcc/x86_64-apple-darwin18.2.0/8.2.0/collect2 -dynamic -arch x86_64 -macosx_version_min 10.15.0 -syslibroot /Library/Developer/CommandLineTools/SDKs/MacOSX10.15.sdk -weak_reference_mismatches non-weak -o cmTC_9d5cc -L/usr/local/Cellar/gcc/8.2.0/lib/gcc/8/gcc/x86_64-apple-darwin18.2.0/8.2.0 -L/usr/local/Cellar/gcc/8.2.0/lib/gcc/8/gcc/x86_64-apple-darwin18.2.0/8.2.0/../../.. -search_paths_first -headerpad_max_install_names -v CMakeFiles/cmTC_9d5cc.dir/CMakeCCompilerABI.c.o -no_compact_unwind -lSystem -lgcc_ext.10.5 -lgcc -lSystem -v
collect2 version 8.2.0
/usr/bin/ld -dynamic -arch x86_64 -macosx_version_min 10.15.0 -syslibroot /Library/Developer/CommandLineTools/SDKs/MacOSX10.15.sdk -weak_reference_mismatches non-weak -o cmTC_9d5cc -L/usr/local/Cellar/gcc/8.2.0/lib/gcc/8/gcc/x86_64-apple-darwin18.2.0/8.2.0 -L/usr/local/Cellar/gcc/8.2.0/lib/gcc/8/gcc/x86_64-apple-darwin18.2.0/8.2.0/../../.. -search_paths_first -headerpad_max_install_names -v CMakeFiles/cmTC_9d5cc.dir/CMakeCCompilerABI.c.o -no_compact_unwind -lSystem -lgcc_ext.10.5 -lgcc -lSystem -v
@(#)PROGRAM:ld  PROJECT:ld64-512.4
BUILD 02:12:53 Aug  7 2019
configured to support archs: armv6 armv7 armv7s arm64 arm64e arm64_32 i386 x86_64 x86_64h armv6m armv7k armv7m armv7em
@(#)PROGRAM:ld  PROJECT:ld64-512.4
BUILD 02:12:53 Aug  7 2019
configured to support archs: armv6 armv7 armv7s arm64 arm64e arm64_32 i386 x86_64 x86_64h armv6m armv7k armv7m armv7em
Library search paths:
	/usr/local/Cellar/gcc/8.2.0/lib/gcc/8/gcc/x86_64-apple-darwin18.2.0/8.2.0
	/usr/local/Cellar/gcc/8.2.0/lib/gcc/8
	/Library/Developer/CommandLineTools/SDKs/MacOSX10.15.sdk/usr/lib
Framework search paths:
	/Library/Developer/CommandLineTools/SDKs/MacOSX10.15.sdk/System/Library/Frameworks/
 /usr/bin/nm -n CMakeFiles/cmTC_9d5cc.dir/CMakeCCompilerABI.c.o


Parsed C implicit include dir info from above output: rv=done
  found start of include info
  found start of implicit include info
    add: [/usr/local/Cellar/gcc/8.2.0/lib/gcc/8/gcc/x86_64-apple-darwin18.2.0/8.2.0/include]
    add: [/usr/local/Cellar/gcc/8.2.0/lib/gcc/8/gcc/x86_64-apple-darwin18.2.0/8.2.0/include-fixed]
    add: [/Library/Developer/CommandLineTools/SDKs/MacOSX10.15.sdk/usr/include]
    add: [/Library/Developer/CommandLineTools/SDKs/MacOSX10.15.sdk/System/Library/Frameworks]
  end of search list found
  collapse include dir [/usr/local/Cellar/gcc/8.2.0/lib/gcc/8/gcc/x86_64-apple-darwin18.2.0/8.2.0/include] ==> [/usr/local/Cellar/gcc/8.2.0/lib/gcc/8/gcc/x86_64-apple-darwin18.2.0/8.2.0/include]
  collapse include dir [/usr/local/Cellar/gcc/8.2.0/lib/gcc/8/gcc/x86_64-apple-darwin18.2.0/8.2.0/include-fixed] ==> [/usr/local/Cellar/gcc/8.2.0/lib/gcc/8/gcc/x86_64-apple-darwin18.2.0/8.2.0/include-fixed]
  collapse include dir [/Library/Developer/CommandLineTools/SDKs/MacOSX10.15.sdk/usr/include] ==> [/Library/Developer/CommandLineTools/SDKs/MacOSX10.15.sdk/usr/include]
  collapse include dir [/Library/Developer/CommandLineTools/SDKs/MacOSX10.15.sdk/System/Library/Frameworks] ==> [/Library/Developer/CommandLineTools/SDKs/MacOSX10.15.sdk/System/Library/Frameworks]
  implicit include dirs: [/usr/local/Cellar/gcc/8.2.0/lib/gcc/8/gcc/x86_64-apple-darwin18.2.0/8.2.0/include;/usr/local/Cellar/gcc/8.2.0/lib/gcc/8/gcc/x86_64-apple-darwin18.2.0/8.2.0/include-fixed;/Library/Developer/CommandLineTools/SDKs/MacOSX10.15.sdk/usr/include;/Library/Developer/CommandLineTools/SDKs/MacOSX10.15.sdk/System/Library/Frameworks]


Parsed C implicit link information from above output:
  link line regex: [^( *|.*[/\])(ld|CMAKE_LINK_STARTFILE-NOTFOUND|([^/\]+-)?ld|collect2)[^/\]*( |$)]
  ignore line: [Change Dir: /Users/moonmisty/CLionProjects/Infantry-Reconstruction/cmake-build-debug/CMakeFiles/CMakeTmp]
  ignore line: []
  ignore line: [Run Build Command(s):/usr/bin/make cmTC_9d5cc/fast ]
  ignore line: [/Library/Developer/CommandLineTools/usr/bin/make -f CMakeFiles/cmTC_9d5cc.dir/build.make CMakeFiles/cmTC_9d5cc.dir/build]
  ignore line: [Building C object CMakeFiles/cmTC_9d5cc.dir/CMakeCCompilerABI.c.o]
  ignore line: [/usr/local/Cellar/gcc/8.2.0/bin/gcc-8   -isysroot /Library/Developer/CommandLineTools/SDKs/MacOSX10.15.sdk   -v -Wl,-v -o CMakeFiles/cmTC_9d5cc.dir/CMakeCCompilerABI.c.o   -c /Applications/CLion.app/Contents/bin/cmake/mac/share/cmake-3.14/Modules/CMakeCCompilerABI.c]
  ignore line: [Using built-in specs.]
  ignore line: [COLLECT_GCC=/usr/local/Cellar/gcc/8.2.0/bin/gcc-8]
  ignore line: [Target: x86_64-apple-darwin18.2.0]
  ignore line: [Configured with: ../configure --build=x86_64-apple-darwin18.2.0 --prefix=/usr/local/Cellar/gcc/8.2.0 --libdir=/usr/local/Cellar/gcc/8.2.0/lib/gcc/8 --disable-nls --enable-checking=release --enable-languages=c,c++,objc,obj-c++,fortran --program-suffix=-8 --with-gmp=/usr/local/opt/gmp --with-mpfr=/usr/local/opt/mpfr --with-mpc=/usr/local/opt/libmpc --with-isl=/usr/local/opt/isl --with-system-zlib --with-pkgversion='Homebrew GCC 8.2.0' --with-bugurl=https://github.com/Homebrew/homebrew-core/issues --disable-multilib --with-native-system-header-dir=/usr/include --with-sysroot=/Library/Developer/CommandLineTools/SDKs/MacOSX.sdk]
  ignore line: [Thread model: posix]
  ignore line: [gcc version 8.2.0 (Homebrew GCC 8.2.0) ]
  ignore line: [COLLECT_GCC_OPTIONS='-isysroot' '/Library/Developer/CommandLineTools/SDKs/MacOSX10.15.sdk' '-v' '-o' 'CMakeFiles/cmTC_9d5cc.dir/CMakeCCompilerABI.c.o' '-c' '-mmacosx-version-min=10.15.0' '-asm_macosx_version_min=10.15' '-mtune=core2']
  ignore line: [ /usr/local/Cellar/gcc/8.2.0/libexec/gcc/x86_64-apple-darwin18.2.0/8.2.0/cc1 -quiet -v -D__DYNAMIC__ -isysroot /Library/Developer/CommandLineTools/SDKs/MacOSX10.15.sdk /Applications/CLion.app/Contents/bin/cmake/mac/share/cmake-3.14/Modules/CMakeCCompilerABI.c -fPIC -quiet -dumpbase CMakeCCompilerABI.c -mmacosx-version-min=10.15.0 -mtune=core2 -auxbase-strip CMakeFiles/cmTC_9d5cc.dir/CMakeCCompilerABI.c.o -version -o /var/folders/lb/974bk6wx08g_ptjwwmn16crm0000gn/T//ccG9azVm.s]
  ignore line: [GNU C17 (Homebrew GCC 8.2.0) version 8.2.0 (x86_64-apple-darwin18.2.0)]
  ignore line: [	compiled by GNU C version 8.2.0, GMP version 6.1.2, MPFR version 4.0.1, MPC version 1.1.0, isl version isl-0.20-GMP]
  ignore line: []
  ignore line: [GGC heuristics: --param ggc-min-expand=100 --param ggc-min-heapsize=131072]
  ignore line: [ignoring nonexistent directory "/Library/Developer/CommandLineTools/SDKs/MacOSX10.15.sdk/usr/local/include"]
  ignore line: [ignoring nonexistent directory "/usr/local/Cellar/gcc/8.2.0/lib/gcc/8/gcc/x86_64-apple-darwin18.2.0/8.2.0/../../../../../../x86_64-apple-darwin18.2.0/include"]
  ignore line: [ignoring nonexistent directory "/Library/Developer/CommandLineTools/SDKs/MacOSX10.15.sdk/Library/Frameworks"]
  ignore line: [#include "..." search starts here:]
  ignore line: [#include <...> search starts here:]
  ignore line: [ /usr/local/Cellar/gcc/8.2.0/lib/gcc/8/gcc/x86_64-apple-darwin18.2.0/8.2.0/include]
  ignore line: [ /usr/local/Cellar/gcc/8.2.0/lib/gcc/8/gcc/x86_64-apple-darwin18.2.0/8.2.0/include-fixed]
  ignore line: [ /Library/Developer/CommandLineTools/SDKs/MacOSX10.15.sdk/usr/include]
  ignore line: [ /Library/Developer/CommandLineTools/SDKs/MacOSX10.15.sdk/System/Library/Frameworks]
  ignore line: [End of search list.]
  ignore line: [GNU C17 (Homebrew GCC 8.2.0) version 8.2.0 (x86_64-apple-darwin18.2.0)]
  ignore line: [	compiled by GNU C version 8.2.0, GMP version 6.1.2, MPFR version 4.0.1, MPC version 1.1.0, isl version isl-0.20-GMP]
  ignore line: []
  ignore line: [GGC heuristics: --param ggc-min-expand=100 --param ggc-min-heapsize=131072]
  ignore line: [Compiler executable checksum: e95cccad5f2737f4fd4ba83cf3ccb627]
  ignore line: [COLLECT_GCC_OPTIONS='-isysroot' '/Library/Developer/CommandLineTools/SDKs/MacOSX10.15.sdk' '-v' '-o' 'CMakeFiles/cmTC_9d5cc.dir/CMakeCCompilerABI.c.o' '-c' '-mmacosx-version-min=10.15.0'  '-mtune=core2']
  ignore line: [ as -arch x86_64 -v -force_cpusubtype_ALL -mmacosx-version-min=10.15 -o CMakeFiles/cmTC_9d5cc.dir/CMakeCCompilerABI.c.o /var/folders/lb/974bk6wx08g_ptjwwmn16crm0000gn/T//ccG9azVm.s]
  ignore line: [Apple clang version 11.0.0 (clang-1100.0.33.5)]
  ignore line: [Target: x86_64-apple-darwin19.0.0]
  ignore line: [Thread model: posix]
  ignore line: [InstalledDir: /Library/Developer/CommandLineTools/usr/bin]
  ignore line: [ "/Library/Developer/CommandLineTools/usr/bin/clang" -cc1as -triple x86_64-apple-macosx10.15.0 -filetype obj -main-file-name ccG9azVm.s -target-cpu penryn -fdebug-compilation-dir /Users/moonmisty/CLionProjects/Infantry-Reconstruction/cmake-build-debug/CMakeFiles/CMakeTmp -dwarf-debug-producer Apple clang version 11.0.0 (clang-1100.0.33.5) -dwarf-version=4 -mrelocation-model pic -o CMakeFiles/cmTC_9d5cc.dir/CMakeCCompilerABI.c.o /var/folders/lb/974bk6wx08g_ptjwwmn16crm0000gn/T//ccG9azVm.s]
  ignore line: [COMPILER_PATH=/usr/local/Cellar/gcc/8.2.0/libexec/gcc/x86_64-apple-darwin18.2.0/8.2.0/:/usr/local/Cellar/gcc/8.2.0/libexec/gcc/x86_64-apple-darwin18.2.0/8.2.0/:/usr/local/Cellar/gcc/8.2.0/libexec/gcc/x86_64-apple-darwin18.2.0/:/usr/local/Cellar/gcc/8.2.0/lib/gcc/8/gcc/x86_64-apple-darwin18.2.0/8.2.0/:/usr/local/Cellar/gcc/8.2.0/lib/gcc/8/gcc/x86_64-apple-darwin18.2.0/]
  ignore line: [LIBRARY_PATH=/usr/local/Cellar/gcc/8.2.0/lib/gcc/8/gcc/x86_64-apple-darwin18.2.0/8.2.0/:/usr/local/Cellar/gcc/8.2.0/lib/gcc/8/gcc/x86_64-apple-darwin18.2.0/8.2.0/../../../]
  ignore line: [COLLECT_GCC_OPTIONS='-isysroot' '/Library/Developer/CommandLineTools/SDKs/MacOSX10.15.sdk' '-v' '-o' 'CMakeFiles/cmTC_9d5cc.dir/CMakeCCompilerABI.c.o' '-c' '-mmacosx-version-min=10.15.0'  '-mtune=core2']
  ignore line: [Linking C executable cmTC_9d5cc]
  ignore line: [/Applications/CLion.app/Contents/bin/cmake/mac/bin/cmake -E cmake_link_script CMakeFiles/cmTC_9d5cc.dir/link.txt --verbose=1]
  ignore line: [/usr/local/Cellar/gcc/8.2.0/bin/gcc-8   -isysroot /Library/Developer/CommandLineTools/SDKs/MacOSX10.15.sdk -Wl,-search_paths_first -Wl,-headerpad_max_install_names  -v -Wl,-v CMakeFiles/cmTC_9d5cc.dir/CMakeCCompilerABI.c.o  -o cmTC_9d5cc ]
  ignore line: [Using built-in specs.]
  ignore line: [COLLECT_GCC=/usr/local/Cellar/gcc/8.2.0/bin/gcc-8]
  ignore line: [COLLECT_LTO_WRAPPER=/usr/local/Cellar/gcc/8.2.0/libexec/gcc/x86_64-apple-darwin18.2.0/8.2.0/lto-wrapper]
  ignore line: [Target: x86_64-apple-darwin18.2.0]
  ignore line: [Configured with: ../configure --build=x86_64-apple-darwin18.2.0 --prefix=/usr/local/Cellar/gcc/8.2.0 --libdir=/usr/local/Cellar/gcc/8.2.0/lib/gcc/8 --disable-nls --enable-checking=release --enable-languages=c,c++,objc,obj-c++,fortran --program-suffix=-8 --with-gmp=/usr/local/opt/gmp --with-mpfr=/usr/local/opt/mpfr --with-mpc=/usr/local/opt/libmpc --with-isl=/usr/local/opt/isl --with-system-zlib --with-pkgversion='Homebrew GCC 8.2.0' --with-bugurl=https://github.com/Homebrew/homebrew-core/issues --disable-multilib --with-native-system-header-dir=/usr/include --with-sysroot=/Library/Developer/CommandLineTools/SDKs/MacOSX.sdk]
  ignore line: [Thread model: posix]
  ignore line: [gcc version 8.2.0 (Homebrew GCC 8.2.0) ]
  ignore line: [COMPILER_PATH=/usr/local/Cellar/gcc/8.2.0/libexec/gcc/x86_64-apple-darwin18.2.0/8.2.0/:/usr/local/Cellar/gcc/8.2.0/libexec/gcc/x86_64-apple-darwin18.2.0/8.2.0/:/usr/local/Cellar/gcc/8.2.0/libexec/gcc/x86_64-apple-darwin18.2.0/:/usr/local/Cellar/gcc/8.2.0/lib/gcc/8/gcc/x86_64-apple-darwin18.2.0/8.2.0/:/usr/local/Cellar/gcc/8.2.0/lib/gcc/8/gcc/x86_64-apple-darwin18.2.0/]
  ignore line: [LIBRARY_PATH=/usr/local/Cellar/gcc/8.2.0/lib/gcc/8/gcc/x86_64-apple-darwin18.2.0/8.2.0/:/usr/local/Cellar/gcc/8.2.0/lib/gcc/8/gcc/x86_64-apple-darwin18.2.0/8.2.0/../../../]
  ignore line: [COLLECT_GCC_OPTIONS='-isysroot' '/Library/Developer/CommandLineTools/SDKs/MacOSX10.15.sdk' '-v' '-o' 'cmTC_9d5cc' '-mmacosx-version-min=10.15.0' '-asm_macosx_version_min=10.15' '-mtune=core2']
  link line: [ /usr/local/Cellar/gcc/8.2.0/libexec/gcc/x86_64-apple-darwin18.2.0/8.2.0/collect2 -dynamic -arch x86_64 -macosx_version_min 10.15.0 -syslibroot /Library/Developer/CommandLineTools/SDKs/MacOSX10.15.sdk -weak_reference_mismatches non-weak -o cmTC_9d5cc -L/usr/local/Cellar/gcc/8.2.0/lib/gcc/8/gcc/x86_64-apple-darwin18.2.0/8.2.0 -L/usr/local/Cellar/gcc/8.2.0/lib/gcc/8/gcc/x86_64-apple-darwin18.2.0/8.2.0/../../.. -search_paths_first -headerpad_max_install_names -v CMakeFiles/cmTC_9d5cc.dir/CMakeCCompilerABI.c.o -no_compact_unwind -lSystem -lgcc_ext.10.5 -lgcc -lSystem -v]
    arg [/usr/local/Cellar/gcc/8.2.0/libexec/gcc/x86_64-apple-darwin18.2.0/8.2.0/collect2] ==> ignore
    arg [-dynamic] ==> ignore
    arg [-arch] ==> ignore
    arg [x86_64] ==> ignore
    arg [-macosx_version_min] ==> ignore
    arg [10.15.0] ==> ignore
    arg [-syslibroot] ==> ignore
    arg [/Library/Developer/CommandLineTools/SDKs/MacOSX10.15.sdk] ==> ignore
    arg [-weak_reference_mismatches] ==> ignore
    arg [non-weak] ==> ignore
    arg [-o] ==> ignore
    arg [cmTC_9d5cc] ==> ignore
    arg [-L/usr/local/Cellar/gcc/8.2.0/lib/gcc/8/gcc/x86_64-apple-darwin18.2.0/8.2.0] ==> dir [/usr/local/Cellar/gcc/8.2.0/lib/gcc/8/gcc/x86_64-apple-darwin18.2.0/8.2.0]
    arg [-L/usr/local/Cellar/gcc/8.2.0/lib/gcc/8/gcc/x86_64-apple-darwin18.2.0/8.2.0/../../..] ==> dir [/usr/local/Cellar/gcc/8.2.0/lib/gcc/8/gcc/x86_64-apple-darwin18.2.0/8.2.0/../../..]
    arg [-search_paths_first] ==> ignore
    arg [-headerpad_max_install_names] ==> ignore
    arg [-v] ==> ignore
    arg [CMakeFiles/cmTC_9d5cc.dir/CMakeCCompilerABI.c.o] ==> ignore
    arg [-no_compact_unwind] ==> ignore
    arg [-lSystem] ==> lib [System]
    arg [-lgcc_ext.10.5] ==> lib [gcc_ext.10.5]
    arg [-lgcc] ==> lib [gcc]
    arg [-lSystem] ==> lib [System]
    arg [-v] ==> ignore
  Library search paths: [;/usr/local/Cellar/gcc/8.2.0/lib/gcc/8/gcc/x86_64-apple-darwin18.2.0/8.2.0;/usr/local/Cellar/gcc/8.2.0/lib/gcc/8;/Library/Developer/CommandLineTools/SDKs/MacOSX10.15.sdk/usr/lib]
  Framework search paths: [;/Library/Developer/CommandLineTools/SDKs/MacOSX10.15.sdk/System/Library/Frameworks/]
  remove lib [System]
  remove lib [System]
  collapse library dir [/usr/local/Cellar/gcc/8.2.0/lib/gcc/8/gcc/x86_64-apple-darwin18.2.0/8.2.0] ==> [/usr/local/Cellar/gcc/8.2.0/lib/gcc/8/gcc/x86_64-apple-darwin18.2.0/8.2.0]
  collapse library dir [/usr/local/Cellar/gcc/8.2.0/lib/gcc/8/gcc/x86_64-apple-darwin18.2.0/8.2.0/../../..] ==> [/usr/local/Cellar/gcc/8.2.0/lib/gcc/8]
  collapse library dir [/usr/local/Cellar/gcc/8.2.0/lib/gcc/8/gcc/x86_64-apple-darwin18.2.0/8.2.0] ==> [/usr/local/Cellar/gcc/8.2.0/lib/gcc/8/gcc/x86_64-apple-darwin18.2.0/8.2.0]
  collapse library dir [/usr/local/Cellar/gcc/8.2.0/lib/gcc/8] ==> [/usr/local/Cellar/gcc/8.2.0/lib/gcc/8]
  collapse library dir [/Library/Developer/CommandLineTools/SDKs/MacOSX10.15.sdk/usr/lib] ==> [/Library/Developer/CommandLineTools/SDKs/MacOSX10.15.sdk/usr/lib]
  collapse framework dir [/Library/Developer/CommandLineTools/SDKs/MacOSX10.15.sdk/System/Library/Frameworks/] ==> [/Library/Developer/CommandLineTools/SDKs/MacOSX10.15.sdk/System/Library/Frameworks]
  implicit libs: [gcc_ext.10.5;gcc]
  implicit dirs: [/usr/local/Cellar/gcc/8.2.0/lib/gcc/8/gcc/x86_64-apple-darwin18.2.0/8.2.0;/usr/local/Cellar/gcc/8.2.0/lib/gcc/8;/Library/Developer/CommandLineTools/SDKs/MacOSX10.15.sdk/usr/lib]
  implicit fwks: [/Library/Developer/CommandLineTools/SDKs/MacOSX10.15.sdk/System/Library/Frameworks]




Detecting C [-std=c11] compiler features compiled with the following output:
Change Dir: /Users/moonmisty/CLionProjects/Infantry-Reconstruction/cmake-build-debug/CMakeFiles/CMakeTmp

Run Build Command(s):/usr/bin/make cmTC_18221/fast 
/Library/Developer/CommandLineTools/usr/bin/make -f CMakeFiles/cmTC_18221.dir/build.make CMakeFiles/cmTC_18221.dir/build
Building C object CMakeFiles/cmTC_18221.dir/feature_tests.c.o
/usr/local/Cellar/gcc/8.2.0/bin/gcc-8   -isysroot /Library/Developer/CommandLineTools/SDKs/MacOSX10.15.sdk   -std=c11 -o CMakeFiles/cmTC_18221.dir/feature_tests.c.o   -c /Users/moonmisty/CLionProjects/Infantry-Reconstruction/cmake-build-debug/CMakeFiles/feature_tests.c
Linking C executable cmTC_18221
/Applications/CLion.app/Contents/bin/cmake/mac/bin/cmake -E cmake_link_script CMakeFiles/cmTC_18221.dir/link.txt --verbose=1
/usr/local/Cellar/gcc/8.2.0/bin/gcc-8   -isysroot /Library/Developer/CommandLineTools/SDKs/MacOSX10.15.sdk -Wl,-search_paths_first -Wl,-headerpad_max_install_names   CMakeFiles/cmTC_18221.dir/feature_tests.c.o  -o cmTC_18221 


    Feature record: C_FEATURE:1c_function_prototypes
    Feature record: C_FEATURE:1c_restrict
    Feature record: C_FEATURE:1c_static_assert
    Feature record: C_FEATURE:1c_variadic_macros


Detecting C [-std=c99] compiler features compiled with the following output:
Change Dir: /Users/moonmisty/CLionProjects/Infantry-Reconstruction/cmake-build-debug/CMakeFiles/CMakeTmp

Run Build Command(s):/usr/bin/make cmTC_f8b6a/fast 
/Library/Developer/CommandLineTools/usr/bin/make -f CMakeFiles/cmTC_f8b6a.dir/build.make CMakeFiles/cmTC_f8b6a.dir/build
Building C object CMakeFiles/cmTC_f8b6a.dir/feature_tests.c.o
/usr/local/Cellar/gcc/8.2.0/bin/gcc-8   -isysroot /Library/Developer/CommandLineTools/SDKs/MacOSX10.15.sdk   -std=c99 -o CMakeFiles/cmTC_f8b6a.dir/feature_tests.c.o   -c /Users/moonmisty/CLionProjects/Infantry-Reconstruction/cmake-build-debug/CMakeFiles/feature_tests.c
Linking C executable cmTC_f8b6a
/Applications/CLion.app/Contents/bin/cmake/mac/bin/cmake -E cmake_link_script CMakeFiles/cmTC_f8b6a.dir/link.txt --verbose=1
/usr/local/Cellar/gcc/8.2.0/bin/gcc-8   -isysroot /Library/Developer/CommandLineTools/SDKs/MacOSX10.15.sdk -Wl,-search_paths_first -Wl,-headerpad_max_install_names   CMakeFiles/cmTC_f8b6a.dir/feature_tests.c.o  -o cmTC_f8b6a 


    Feature record: C_FEATURE:1c_function_prototypes
    Feature record: C_FEATURE:1c_restrict
    Feature record: C_FEATURE:0c_static_assert
    Feature record: C_FEATURE:1c_variadic_macros


Detecting C [-std=c90] compiler features compiled with the following output:
Change Dir: /Users/moonmisty/CLionProjects/Infantry-Reconstruction/cmake-build-debug/CMakeFiles/CMakeTmp

Run Build Command(s):/usr/bin/make cmTC_2295f/fast 
/Library/Developer/CommandLineTools/usr/bin/make -f CMakeFiles/cmTC_2295f.dir/build.make CMakeFiles/cmTC_2295f.dir/build
Building C object CMakeFiles/cmTC_2295f.dir/feature_tests.c.o
/usr/local/Cellar/gcc/8.2.0/bin/gcc-8   -isysroot /Library/Developer/CommandLineTools/SDKs/MacOSX10.15.sdk   -std=c90 -o CMakeFiles/cmTC_2295f.dir/feature_tests.c.o   -c /Users/moonmisty/CLionProjects/Infantry-Reconstruction/cmake-build-debug/CMakeFiles/feature_tests.c
Linking C executable cmTC_2295f
/Applications/CLion.app/Contents/bin/cmake/mac/bin/cmake -E cmake_link_script CMakeFiles/cmTC_2295f.dir/link.txt --verbose=1
/usr/local/Cellar/gcc/8.2.0/bin/gcc-8   -isysroot /Library/Developer/CommandLineTools/SDKs/MacOSX10.15.sdk -Wl,-search_paths_first -Wl,-headerpad_max_install_names   CMakeFiles/cmTC_2295f.dir/feature_tests.c.o  -o cmTC_2295f 


    Feature record: C_FEATURE:1c_function_prototypes
    Feature record: C_FEATURE:0c_restrict
    Feature record: C_FEATURE:0c_static_assert
    Feature record: C_FEATURE:0c_variadic_macros
